2023-05-22 14:05:202 INFO  LoginPage :52 - Enter username Admin to User Name field Admin
2023-05-22 14:05:337 INFO  LoginPage :57 - Enter Password admin123 to Password field admin123
2023-05-22 14:05:435 INFO  LoginPage :62 - Click On Login Button
2023-05-22 14:05:750 INFO  LoginPage :52 - Enter username Admin to User Name field Admin
2023-05-22 14:05:877 INFO  LoginPage :57 - Enter Password admin123 to Password field admin123
2023-05-22 14:05:948 INFO  LoginPage :62 - Click On Login Button
2023-05-22 14:05:815 INFO  HomePage :26 - Click On Admin Tab
2023-05-22 14:05:268 INFO  AdminPage :35 - Get System User Text
2023-05-22 14:05:665 INFO  AdminPage :39 - Click On add Button
2023-05-22 14:05:45 INFO  AdminPage :43 - Get Add User Text
2023-05-22 14:05:312 INFO  LoginPage :52 - Enter username Admin to User Name field Admin
2023-05-22 14:05:458 INFO  LoginPage :57 - Enter Password admin123 to Password field admin123
2023-05-22 14:05:547 INFO  LoginPage :62 - Click On Login Button
2023-05-22 14:05:617 INFO  HomePage :26 - Click On Admin Tab
2023-05-22 14:05:352 INFO  AdminPage :35 - Get System User Text
2023-05-22 14:05:753 INFO  AdminPage :39 - Click On add Button
2023-05-22 14:05:167 INFO  AdminPage :43 - Get Add User Text
2023-05-22 14:05:839 INFO  LoginPage :52 - Enter username Admin to User Name field Admin
2023-05-22 14:05:955 INFO  LoginPage :57 - Enter Password admin123 to Password field admin123
2023-05-22 14:05:74 INFO  LoginPage :62 - Click On Login Button
2023-05-22 14:05:924 INFO  HomePage :26 - Click On Admin Tab
2023-05-22 14:05:334 INFO  AdminPage :35 - Get System User Text
2023-05-22 14:05:712 INFO  AdminPage :39 - Click On add Button
2023-05-22 14:05:75 INFO  AdminPage :43 - Get Add User Text
2023-05-22 14:05:973 INFO  LoginPage :52 - Enter username Admin to User Name field Admin
2023-05-22 14:05:82 INFO  LoginPage :57 - Enter Password admin123 to Password field admin123
2023-05-22 14:05:207 INFO  LoginPage :62 - Click On Login Button
2023-05-22 14:05:78 INFO  HomePage :26 - Click On Admin Tab
2023-05-22 14:05:370 INFO  AdminPage :35 - Get System User Text
2023-05-22 14:05:826 INFO  AdminPage :39 - Click On add Button
2023-05-22 14:05:195 INFO  AdminPage :43 - Get Add User Text
2023-05-22 14:05:618 INFO  LoginPage :52 - Enter username Admin to User Name field Admin
2023-05-22 14:05:833 INFO  LoginPage :57 - Enter Password admin123 to Password field admin123
2023-05-22 14:05:932 INFO  LoginPage :62 - Click On Login Button
2023-05-22 14:05:883 INFO  HomePage :26 - Click On Admin Tab
2023-05-22 14:05:401 INFO  AdminPage :35 - Get System User Text
2023-05-22 14:05:148 INFO  AdminPage :39 - Click On add Button
2023-05-22 14:05:777 INFO  AdminPage :43 - Get Add User Text
2023-05-22 14:05:340 INFO  LoginPage :52 - Enter username Admin to User Name field Admin
2023-05-22 14:05:581 INFO  LoginPage :57 - Enter Password admin123 to Password field admin123
2023-05-22 14:05:658 INFO  LoginPage :62 - Click On Login Button
2023-05-22 14:05:732 INFO  HomePage :26 - Click On Admin Tab
2023-05-22 14:05:61 INFO  AdminPage :35 - Get System User Text
2023-05-22 14:05:397 INFO  AdminPage :39 - Click On add Button
2023-05-22 14:05:802 INFO  AdminPage :43 - Get Add User Text
2023-05-22 14:05:917 INFO  LoginPage :52 - Enter username Admin to User Name field Admin
2023-05-22 14:05:29 INFO  LoginPage :57 - Enter Password admin123 to Password field admin123
2023-05-22 14:05:114 INFO  LoginPage :62 - Click On Login Button
2023-05-22 14:05:197 INFO  HomePage :26 - Click On Admin Tab
2023-05-22 14:05:760 INFO  AdminPage :35 - Get System User Text
2023-05-22 14:05:35 INFO  AdminPage :39 - Click On add Button
2023-05-22 14:05:528 INFO  AdminPage :43 - Get Add User Text
2023-05-22 14:05:265 INFO  AddUserPage :84 - Enter username johnsmith123 to User Name field johnsmith123
2023-05-22 14:05:355 INFO  AddUserPage :90 - Click on Search Text
2023-05-22 14:05:415 INFO  AddUserPage :95 - Click on Disable
2023-05-22 14:05:480 INFO  AddUserPage :101 - Enter password John@1234 to password field John@1234
2023-05-22 14:05:554 INFO  AddUserPage :106 - Enter Confirm password John@1234 to confirm password field John@1234
2023-05-22 14:05:641 INFO  AddUserPage :112 - Click on save Button
2023-05-22 14:05:695 INFO  AddUserPage :124 - Get Successfully Message
2023-05-22 15:05:276 INFO  LoginPage :52 - Enter username Admin to User Name field Admin
2023-05-22 15:05:492 INFO  LoginPage :57 - Enter Password admin123 to Password field admin123
2023-05-22 15:05:573 INFO  LoginPage :62 - Click On Login Button
2023-05-22 15:05:522 INFO  HomePage :26 - Click On Admin Tab
2023-05-22 15:05:162 INFO  AdminPage :35 - Get System User Text
2023-05-22 15:05:454 INFO  AdminPage :39 - Click On add Button
2023-05-22 15:05:877 INFO  AdminPage :43 - Get Add User Text
2023-05-22 15:05:749 INFO  AddUserPage :84 - Enter username johnsmith123 to User Name field johnsmith123
2023-05-22 15:05:831 INFO  AddUserPage :90 - Click on Search Text
2023-05-22 15:05:872 INFO  AddUserPage :95 - Click on Disable
2023-05-22 15:05:916 INFO  AddUserPage :101 - Enter password John@1234 to password field John@1234
2023-05-22 15:05:969 INFO  AddUserPage :106 - Enter Confirm password John@1234 to confirm password field John@1234
2023-05-22 15:05:34 INFO  AddUserPage :112 - Click on save Button
2023-05-22 15:05:78 INFO  AddUserPage :124 - Get Successfully Message
2023-05-22 15:05:170 INFO  LoginPage :52 - Enter username Admin to User Name field Admin
2023-05-22 15:05:318 INFO  LoginPage :57 - Enter Password admin123 to Password field admin123
2023-05-22 15:05:435 INFO  LoginPage :62 - Click On Login Button
2023-05-22 15:05:487 INFO  HomePage :26 - Click On Admin Tab
2023-05-22 15:05:842 INFO  AdminPage :35 - Get System User Text
2023-05-22 15:05:177 INFO  AddUserPage :84 - Enter username johnsmith12345 to User Name field johnsmith12345
2023-05-22 15:05:479 INFO  LoginPage :52 - Enter username Admin to User Name field Admin
2023-05-22 15:05:648 INFO  LoginPage :57 - Enter Password admin123 to Password field admin123
2023-05-22 15:05:730 INFO  LoginPage :62 - Click On Login Button
2023-05-22 15:05:594 INFO  HomePage :26 - Click On Admin Tab
2023-05-22 15:05:758 INFO  AdminPage :35 - Get System User Text
2023-05-22 15:05:127 INFO  AdminPage :39 - Click On add Button
2023-05-22 15:05:500 INFO  AdminPage :43 - Get Add User Text
2023-05-22 15:05:282 INFO  AddUserPage :84 - Enter username johnsmith12345 to User Name field johnsmith12345
2023-05-22 15:05:361 INFO  AddUserPage :90 - Click on Search Text
2023-05-22 15:05:401 INFO  AddUserPage :95 - Click on Disable
2023-05-22 15:05:443 INFO  AddUserPage :101 - Enter password John@1234 to password field John@1234
2023-05-22 15:05:501 INFO  AddUserPage :106 - Enter Confirm password John@1234 to confirm password field John@1234
2023-05-22 15:05:568 INFO  AddUserPage :112 - Click on save Button
2023-05-22 15:05:617 INFO  AddUserPage :124 - Get Successfully Message
2023-05-22 15:05:153 INFO  LoginPage :52 - Enter username Admin to User Name field Admin
2023-05-22 15:05:371 INFO  LoginPage :57 - Enter Password admin123 to Password field admin123
2023-05-22 15:05:478 INFO  LoginPage :62 - Click On Login Button
2023-05-22 15:05:402 INFO  HomePage :26 - Click On Admin Tab
2023-05-22 15:05:878 INFO  AdminPage :35 - Get System User Text
2023-05-22 15:05:225 INFO  AddUserPage :84 - Enter username johnsmith12345 to User Name field johnsmith12345
2023-05-22 15:05:528 INFO  LoginPage :52 - Enter username Admin to User Name field Admin
2023-05-22 15:05:688 INFO  LoginPage :57 - Enter Password admin123 to Password field admin123
2023-05-22 15:05:790 INFO  LoginPage :62 - Click On Login Button
2023-05-22 15:05:842 INFO  HomePage :26 - Click On Admin Tab
2023-05-22 15:05:472 INFO  AdminPage :35 - Get System User Text
2023-05-22 15:05:807 INFO  AddUserPage :84 - Enter username johnsmith12345 to User Name field johnsmith12345
2023-05-22 15:05:641 INFO  LoginPage :52 - Enter username Admin to User Name field Admin
2023-05-22 15:05:832 INFO  LoginPage :57 - Enter Password admin123 to Password field admin123
2023-05-22 15:05:903 INFO  LoginPage :62 - Click On Login Button
2023-05-22 15:05:965 INFO  HomePage :26 - Click On Admin Tab
2023-05-22 15:05:350 INFO  AdminPage :35 - Get System User Text
2023-05-22 15:05:695 INFO  ViewSystemUsersPage :64 - Enter username johnsmith12345 to User Name field johnsmith12345
2023-05-22 15:05:779 INFO  AddUserPage :90 - Click on Search Text
2023-05-22 15:05:827 INFO  AddUserPage :95 - Click on Disable
2023-05-22 15:05:995 INFO  ViewSystemUsersPage :79 - Clicking on Search Button 
2023-05-22 15:05:67 INFO  ViewSystemUsersPage :84 - Get Text From List Text 
2023-05-22 15:05:496 INFO  LoginPage :52 - Enter username Admin to User Name field Admin
2023-05-22 15:05:588 INFO  LoginPage :57 - Enter Password admin123 to Password field admin123
2023-05-22 15:05:682 INFO  LoginPage :62 - Click On Login Button
2023-05-22 15:05:741 INFO  HomePage :26 - Click On Admin Tab
2023-05-22 15:05:744 INFO  AdminPage :35 - Get System User Text
2023-05-22 15:05:125 INFO  ViewSystemUsersPage :64 - Enter username johnsmith12345 to User Name field johnsmith12345
2023-05-22 15:05:197 INFO  AddUserPage :90 - Click on Search Text
2023-05-22 15:05:250 INFO  AddUserPage :95 - Click on Disable
2023-05-22 15:05:298 INFO  ViewSystemUsersPage :79 - Clicking on Search Button 
2023-05-22 15:05:492 INFO  ViewSystemUsersPage :84 - Get Text From List Text 
2023-05-22 16:05:904 INFO  LoginPage :52 - Enter username Admin to User Name field Admin
2023-05-22 16:05:51 INFO  LoginPage :57 - Enter Password admin123 to Password field admin123
2023-05-22 16:05:137 INFO  LoginPage :62 - Click On Login Button
2023-05-22 16:05:965 INFO  HomePage :26 - Click On Admin Tab
2023-05-22 16:05:293 INFO  AdminPage :35 - Get System User Text
2023-05-22 16:05:709 INFO  ViewSystemUsersPage :64 - Enter username johnsmith12345 to User Name field johnsmith12345
2023-05-22 16:05:810 INFO  AddUserPage :90 - Click on Search Text
2023-05-22 16:05:898 INFO  AddUserPage :95 - Click on Disable
2023-05-22 16:05:83 INFO  ViewSystemUsersPage :79 - Clicking on Search Button 
2023-05-22 16:05:138 INFO  ViewSystemUsersPage :84 - Get Text From List Text 
2023-05-22 16:05:426 INFO  LoginPage :52 - Enter username Admin to User Name field Admin
2023-05-22 16:05:555 INFO  LoginPage :57 - Enter Password admin123 to Password field admin123
2023-05-22 16:05:643 INFO  LoginPage :62 - Click On Login Button
2023-05-22 16:05:694 INFO  HomePage :26 - Click On Admin Tab
2023-05-22 16:05:220 INFO  AdminPage :35 - Get System User Text
2023-05-22 16:05:534 INFO  ViewSystemUsersPage :64 - Enter username johnsmith12345 to User Name field johnsmith12345
2023-05-22 16:05:639 INFO  AddUserPage :90 - Click on Search Text
2023-05-22 16:05:747 INFO  AddUserPage :95 - Click on Disable
2023-05-22 16:05:800 INFO  ViewSystemUsersPage :79 - Clicking on Search Button 
2023-05-22 16:05:855 INFO  ViewSystemUsersPage :84 - Get Text From List Text 
2023-05-22 16:05:990 INFO  LoginPage :52 - Enter username Admin to User Name field Admin
2023-05-22 16:05:131 INFO  LoginPage :57 - Enter Password admin123 to Password field admin123
2023-05-22 16:05:230 INFO  LoginPage :62 - Click On Login Button
2023-05-22 16:05:217 INFO  HomePage :26 - Click On Admin Tab
2023-05-22 16:05:781 INFO  AdminPage :35 - Get System User Text
2023-05-22 16:05:121 INFO  AdminPage :39 - Click On add Button
2023-05-22 16:05:494 INFO  AdminPage :43 - Get Add User Text
2023-05-22 16:05:407 INFO  AddUserPage :84 - Enter username johnsmith123456 to User Name field johnsmith123456
2023-05-22 16:05:493 INFO  AddUserPage :90 - Click on Search Text
2023-05-22 16:05:542 INFO  AddUserPage :95 - Click on Disable
2023-05-22 16:05:586 INFO  AddUserPage :101 - Enter password John@1234 to password field John@1234
2023-05-22 16:05:650 INFO  AddUserPage :106 - Enter Confirm password John@1234 to confirm password field John@1234
2023-05-22 16:05:752 INFO  AddUserPage :112 - Click on save Button
2023-05-22 16:05:804 INFO  AddUserPage :124 - Get Successfully Message
2023-05-22 16:05:435 INFO  LoginPage :52 - Enter username Admin to User Name field Admin
2023-05-22 16:05:649 INFO  LoginPage :57 - Enter Password admin123 to Password field admin123
2023-05-22 16:05:716 INFO  LoginPage :62 - Click On Login Button
2023-05-22 16:05:569 INFO  HomePage :26 - Click On Admin Tab
2023-05-22 16:05:67 INFO  AdminPage :35 - Get System User Text
2023-05-22 16:05:385 INFO  ViewSystemUsersPage :64 - Enter username johnsmith123456 to User Name field johnsmith123456
2023-05-22 16:05:481 INFO  AddUserPage :90 - Click on Search Text
2023-05-22 16:05:527 INFO  AddUserPage :95 - Click on Disable
2023-05-22 16:05:705 INFO  ViewSystemUsersPage :79 - Clicking on Search Button 
2023-05-22 16:05:776 INFO  ViewSystemUsersPage :84 - Get Text From List Text 
2023-05-22 16:05:954 INFO  LoginPage :52 - Enter username Admin to User Name field Admin
2023-05-22 16:05:76 INFO  LoginPage :57 - Enter Password admin123 to Password field admin123
2023-05-22 16:05:186 INFO  LoginPage :62 - Click On Login Button
2023-05-22 16:05:255 INFO  HomePage :26 - Click On Admin Tab
2023-05-22 16:05:115 INFO  AdminPage :35 - Get System User Text
2023-05-22 16:05:531 INFO  ViewSystemUsersPage :64 - Enter username johnsmith123456 to User Name field johnsmith123456
2023-05-22 16:05:813 INFO  AddUserPage :90 - Click on Search Text
2023-05-22 16:05:942 INFO  AddUserPage :95 - Click on Disable
2023-05-22 16:05:71 INFO  ViewSystemUsersPage :79 - Clicking on Search Button 
2023-05-22 16:05:216 INFO  ViewSystemUsersPage :84 - Get Text From List Text 
2023-05-22 16:05:830 INFO  LoginPage :52 - Enter username Admin to User Name field Admin
2023-05-22 16:05:924 INFO  LoginPage :57 - Enter Password admin123 to Password field admin123
2023-05-22 16:05:999 INFO  LoginPage :62 - Click On Login Button
2023-05-22 16:05:310 INFO  HomePage :26 - Click On Admin Tab
2023-05-22 16:05:141 INFO  AdminPage :35 - Get System User Text
2023-05-22 16:05:632 INFO  ViewSystemUsersPage :64 - Enter username johnsmith123456 to User Name field johnsmith123456
2023-05-22 16:05:761 INFO  ViewSystemUsersPage :79 - Clicking on Search Button 
2023-05-22 16:05:827 INFO  ViewSystemUsersPage :84 - Get Text From List Text 
2023-05-22 16:05:833 INFO  LoginPage :52 - Enter username Admin to User Name field Admin
2023-05-22 16:05:51 INFO  LoginPage :57 - Enter Password admin123 to Password field admin123
2023-05-22 16:05:126 INFO  LoginPage :62 - Click On Login Button
2023-05-22 16:05:124 INFO  HomePage :26 - Click On Admin Tab
2023-05-22 16:05:607 INFO  AdminPage :35 - Get System User Text
2023-05-22 16:05:950 INFO  ViewSystemUsersPage :64 - Enter username johnsmith123456 to User Name field johnsmith123456
2023-05-22 16:05:52 INFO  ViewSystemUsersPage :79 - Clicking on Search Button 
2023-05-22 16:05:238 INFO  ViewSystemUsersPage :84 - Get Text From List Text 
2023-05-22 16:05:915 INFO  LoginPage :52 - Enter username Admin to User Name field Admin
2023-05-22 16:05:53 INFO  LoginPage :57 - Enter Password admin123 to Password field admin123
2023-05-22 16:05:124 INFO  LoginPage :62 - Click On Login Button
2023-05-22 16:05:189 INFO  HomePage :26 - Click On Admin Tab
2023-05-22 16:05:373 INFO  AdminPage :35 - Get System User Text
2023-05-22 16:05:797 INFO  AdminPage :39 - Click On add Button
2023-05-22 16:05:469 INFO  AdminPage :43 - Get Add User Text
2023-05-22 16:05:346 INFO  AddUserPage :84 - Enter username johnsmith123456 to User Name field johnsmith123456
2023-05-22 16:05:494 INFO  AddUserPage :90 - Click on Search Text
2023-05-22 16:05:556 INFO  AddUserPage :95 - Click on Disable
2023-05-22 16:05:629 INFO  AddUserPage :101 - Enter password John@1234 to password field John@1234
2023-05-22 16:05:713 INFO  AddUserPage :106 - Enter Confirm password John@1234 to confirm password field John@1234
2023-05-22 16:05:786 INFO  AddUserPage :112 - Click on save Button
2023-05-22 16:05:840 INFO  AddUserPage :124 - Get Successfully Message
2023-05-22 16:05:456 INFO  LoginPage :52 - Enter username Admin to User Name field Admin
2023-05-22 16:05:884 INFO  LoginPage :57 - Enter Password admin123 to Password field admin123
2023-05-22 16:05:01 INFO  LoginPage :62 - Click On Login Button
2023-05-22 16:05:70 INFO  HomePage :26 - Click On Admin Tab
2023-05-22 16:05:88 INFO  AdminPage :35 - Get System User Text
2023-05-22 16:05:479 INFO  ViewSystemUsersPage :64 - Enter username johnsmith123456 to User Name field johnsmith123456
2023-05-22 16:05:769 INFO  AddUserPage :90 - Click on Search Text
2023-05-22 16:05:847 INFO  AddUserPage :95 - Click on Disable
2023-05-22 16:05:904 INFO  ViewSystemUsersPage :79 - Clicking on Search Button 
2023-05-22 16:05:15 INFO  ViewSystemUsersPage :84 - Get Text From List Text 
2023-05-22 16:05:677 INFO  LoginPage :52 - Enter username Admin to User Name field Admin
2023-05-22 16:05:69 INFO  LoginPage :57 - Enter Password admin123 to Password field admin123
2023-05-22 16:05:147 INFO  LoginPage :62 - Click On Login Button
2023-05-22 16:05:61 INFO  HomePage :26 - Click On Admin Tab
2023-05-22 16:05:428 INFO  AdminPage :35 - Get System User Text
2023-05-22 16:05:870 INFO  ViewSystemUsersPage :64 - Enter username johnsmith123456 to User Name field johnsmith123456
2023-05-22 16:05:989 INFO  AddUserPage :90 - Click on Search Text
2023-05-22 16:05:251 INFO  AddUserPage :95 - Click on Disable
2023-05-22 16:05:320 INFO  ViewSystemUsersPage :79 - Clicking on Search Button 
2023-05-22 16:05:388 INFO  ViewSystemUsersPage :109 - Get No Record Found Text
2023-05-22 16:05:806 INFO  LoginPage :52 - Enter username Admin to User Name field Admin
2023-05-22 16:05:970 INFO  LoginPage :57 - Enter Password admin123 to Password field admin123
2023-05-22 16:05:36 INFO  LoginPage :62 - Click On Login Button
2023-05-22 16:05:994 INFO  HomePage :26 - Click On Admin Tab
2023-05-22 16:05:980 INFO  AdminPage :35 - Get System User Text
2023-05-22 16:05:469 INFO  ViewSystemUsersPage :64 - Enter username johnsmith123456 to User Name field johnsmith123456
2023-05-22 16:05:677 INFO  AddUserPage :90 - Click on Search Text
2023-05-22 16:05:895 INFO  AddUserPage :95 - Click on Disable
2023-05-22 16:05:979 INFO  ViewSystemUsersPage :79 - Clicking on Search Button 
2023-05-22 16:05:83 INFO  ViewSystemUsersPage :84 - Get Text From List Text 
2023-05-22 16:05:120 INFO  ViewSystemUsersPage :89 - Click On Check Box
2023-05-22 16:05:174 INFO  ViewSystemUsersPage :94 - Click On delete Button
2023-05-22 16:05:241 INFO  ViewSystemUsersPage :99 - Click On Yes delete Button
2023-05-22 16:05:356 INFO  ViewSystemUsersPage :104 - Get Text Delete from Delete Text
2023-05-22 16:05:775 INFO  LoginPage :52 - Enter username Admin to User Name field Admin
2023-05-22 16:05:186 INFO  LoginPage :57 - Enter Password admin123 to Password field admin123
2023-05-22 16:05:264 INFO  LoginPage :62 - Click On Login Button
2023-05-22 16:05:208 INFO  HomePage :26 - Click On Admin Tab
2023-05-22 16:05:516 INFO  AdminPage :35 - Get System User Text
2023-05-22 16:05:12 INFO  ViewSystemUsersPage :64 - Enter username johnsmith123456 to User Name field johnsmith123456
2023-05-22 16:05:321 INFO  AddUserPage :90 - Click on Search Text
2023-05-22 16:05:389 INFO  AddUserPage :95 - Click on Disable
2023-05-22 16:05:448 INFO  ViewSystemUsersPage :79 - Clicking on Search Button 
2023-05-22 16:05:531 INFO  ViewSystemUsersPage :109 - Get No Record Found Text
2023-05-22 16:05:983 INFO  LoginPage :52 - Enter username Admin to User Name field Admin
2023-05-22 16:05:169 INFO  LoginPage :57 - Enter Password admin123 to Password field admin123
2023-05-22 16:05:229 INFO  LoginPage :62 - Click On Login Button
2023-05-22 16:05:250 INFO  DashboardPage :24 - Get Dashboard Text
2023-05-22 17:05:85 INFO  LoginPage :52 - Enter username Admin to User Name field Admin
2023-05-22 17:05:262 INFO  LoginPage :57 - Enter Password admin123 to Password field admin123
2023-05-22 17:05:339 INFO  LoginPage :62 - Click On Login Button
2023-05-22 17:05:81 INFO  LoginPage :52 - Enter username Admin to User Name field Admin
2023-05-22 17:05:260 INFO  LoginPage :57 - Enter Password admin123 to Password field admin123
2023-05-22 17:05:336 INFO  LoginPage :62 - Click On Login Button
2023-05-22 17:05:785 INFO  LoginPage :52 - Enter username Admin to User Name field Admin
2023-05-22 17:05:955 INFO  LoginPage :57 - Enter Password admin123 to Password field admin123
2023-05-22 17:05:27 INFO  LoginPage :62 - Click On Login Button
2023-05-22 17:05:89 INFO  LoginPage :74 - Click On Profile Logo
2023-05-22 17:05:659 INFO  LoginPage :52 - Enter username Admin to User Name field Admin
2023-05-22 17:05:813 INFO  LoginPage :57 - Enter Password admin123 to Password field admin123
2023-05-22 17:05:903 INFO  LoginPage :62 - Click On Login Button
2023-05-22 17:05:754 INFO  LoginPage :74 - Click On Profile Logo
2023-05-22 17:05:39 INFO  LoginPage :78 - Click On LogOut
2023-05-22 17:05:860 INFO  LoginPage :82 - Get Login Text
2023-05-22 17:05:354 INFO  LoginPage :52 - Enter username Admin to User Name field Admin
2023-05-22 17:05:529 INFO  LoginPage :57 - Enter Password admin123 to Password field admin123
2023-05-22 17:05:620 INFO  LoginPage :62 - Click On Login Button
2023-05-22 17:05:669 INFO  LoginPage :74 - Click On Profile Logo
2023-05-22 17:05:683 INFO  LoginPage :78 - Click On LogOut
2023-05-22 17:05:349 INFO  LoginPage :82 - Get Login Text
2023-05-22 17:05:593 INFO  LoginPage :52 - Enter username Admin to User Name field Admin
2023-05-22 17:05:726 INFO  LoginPage :57 - Enter Password admin123 to Password field admin123
2023-05-22 17:05:825 INFO  LoginPage :62 - Click On Login Button
2023-05-22 17:05:766 INFO  LoginPage :74 - Click On Profile Logo
2023-05-22 17:05:73 INFO  LoginPage :78 - Click On LogOut
2023-05-22 17:05:665 INFO  LoginPage :82 - Get Login Text
2023-05-22 17:05:527 INFO  LoginPage :53 - Enter username Admin to User Name field Admin
2023-05-22 17:05:709 INFO  LoginPage :58 - Enter Password admin123 to Password field admin123
2023-05-22 17:05:815 INFO  LoginPage :63 - Click On Login Button
2023-05-22 17:05:650 INFO  LoginPage :75 - Click On Profile Logo
2023-05-22 17:05:922 INFO  LoginPage :79 - Click On LogOut
2023-05-22 17:05:614 INFO  LoginPage :83 - Get Login Text
2023-05-22 17:05:841 INFO  LoginPage :53 - Enter username Admin to User Name field Admin
2023-05-22 17:05:139 INFO  LoginPage :58 - Enter Password admin123 to Password field admin123
2023-05-22 17:05:217 INFO  LoginPage :63 - Click On Login Button
2023-05-22 17:05:274 INFO  LoginPage :75 - Click On Profile Logo
2023-05-22 17:05:464 INFO  LoginPage :79 - Click On LogOut
2023-05-22 17:05:684 INFO  LoginPage :83 - Get Login Text
2023-05-22 17:05:526 INFO  LoginPage :53 - Enter username Admin to User Name field Admin
2023-05-22 17:05:716 INFO  LoginPage :58 - Enter Password admin123 to Password field admin123
2023-05-22 17:05:796 INFO  LoginPage :63 - Click On Login Button
2023-05-22 17:05:870 INFO  LoginPage :75 - Click On Profile Logo
2023-05-22 17:05:63 INFO  LoginPage :79 - Click On LogOut
2023-05-22 17:05:301 INFO  LoginPage :83 - Get Login Text
2023-05-22 17:05:98 INFO  LoginPage :52 - Enter username Admin to User Name field Admin
2023-05-22 17:05:307 INFO  LoginPage :57 - Enter Password admin123 to Password field admin123
2023-05-22 17:05:454 INFO  LoginPage :62 - Click On Login Button
2023-05-22 17:05:346 INFO  LoginPage :74 - Click On Profile Logo
2023-05-22 17:05:625 INFO  LoginPage :78 - Click On LogOut
2023-05-22 17:05:525 INFO  LoginPage :84 - Get Login Text
2023-05-22 17:05:852 INFO  LoginPage :52 - Enter username Admin to User Name field Admin
2023-05-22 17:05:344 INFO  LoginPage :57 - Enter Password admin123 to Password field admin123
2023-05-22 17:05:502 INFO  LoginPage :62 - Click On Login Button
2023-05-22 17:05:677 INFO  LoginPage :74 - Click On Profile Logo
2023-05-22 17:05:34 INFO  LoginPage :78 - Click On LogOut
2023-05-22 17:05:09 INFO  LoginPage :84 - Get Login Text
2023-05-22 17:05:651 INFO  LoginPage :52 - Enter username Admin to User Name field Admin
2023-05-22 17:05:846 INFO  LoginPage :57 - Enter Password admin123 to Password field admin123
2023-05-22 17:05:992 INFO  LoginPage :62 - Click On Login Button
2023-05-22 17:05:847 INFO  LoginPage :74 - Click On Profile Logo
2023-05-22 17:05:325 INFO  LoginPage :78 - Click On LogOut
2023-05-22 17:05:28 INFO  LoginPage :84 - Get Login Text
2023-05-22 17:05:625 INFO  LoginPage :52 - Enter username Admin to User Name field Admin
2023-05-22 17:05:870 INFO  LoginPage :57 - Enter Password admin123 to Password field admin123
2023-05-22 17:05:33 INFO  LoginPage :62 - Click On Login Button
2023-05-22 17:05:998 INFO  LoginPage :74 - Click On Profile Logo
2023-05-22 17:05:502 INFO  LoginPage :78 - Click On LogOut
2023-05-22 17:05:861 INFO  LoginPage :84 - Get Login Text
